<?xml version="1.0" encoding="UTF-8"?>
<!-- Generated by org.testng.reporters.JUnitXMLReporter -->
<testsuite ignored="0" hostname="DESKTOP-2LBJ666" failures="0" tests="5" name="Default test" time="37.204" errors="0" timestamp="2024-07-19T13:33:11 JST">
  <testcase classname="com.automation.testcases.TC_LoginPageTest" name="verifyRegistration" time="13.587"/>
  <testcase classname="com.automation.testcases.TC_LoginPageTest" name="VerifyValidlogin" time="5.748"/>
  <testcase classname="com.automation.testcases.TC_LoginPageTest" name="VerifyInValidlogin" time="3.577"/>
  <testcase classname="com.automation.testcases.TC_LoginPageTest" name="VerifyLogout" time="5.395"/>
  <testcase classname="com.automation.testcases.TC_LoginPageTest" name="VerifyRegisterUserwithExistingEmail" time="3.386"/>
</testsuite> <!-- Default test -->
