<?xml version="1.0" encoding="UTF-8"?>
<!-- Generated by org.testng.reporters.JUnitXMLReporter -->
<testsuite ignored="0" hostname="DESKTOP-2LBJ666" failures="0" tests="11" name="Test" time="77.147" errors="0" timestamp="2024-07-19T13:34:38 JST">
  <testcase classname="com.automation.testcases.TC_LoginPageTest" name="verifyRegistration" time="14.58"/>
  <testcase classname="com.automation.testcases.TC_LoginPageTest" name="VerifyValidlogin" time="5.841"/>
  <testcase classname="com.automation.testcases.TC_LoginPageTest" name="VerifyInValidlogin" time="3.821"/>
  <testcase classname="com.automation.testcases.TC_LoginPageTest" name="VerifyLogout" time="5.536"/>
  <testcase classname="com.automation.testcases.TC_LoginPageTest" name="VerifyRegisterUserwithExistingEmail" time="3.532"/>
  <testcase classname="com.automation.testcases.TC_HomePageTest" name="VerifySubscriptioninhomepage" time="0.395"/>
  <testcase classname="com.automation.testcases.TC_BrandPageTest" name="VerifyViewbrandProduct" time="3.112"/>
  <testcase classname="com.automation.testcases.TC_CategoryPageTest" name="verifyviewcategoryproduct" time="1.802"/>
  <testcase classname="com.automation.testcases.TC_ContactUsPageTest" name="VerifyContactUsPage" time="3.194"/>
  <testcase classname="com.automation.testcases.TC_ProductPageTest" name="verifyallproductsandproductdetails" time="3.764"/>
  <testcase classname="com.automation.testcases.TC_ProductPageTest" name="verifysearchproducts" time="3.351"/>
</testsuite> <!-- Test -->
