<?xml version="1.0" encoding="UTF-8"?>
<testng-results ignored="0" total="11" passed="11" failed="0" skipped="0">
  <reporter-output>
  </reporter-output>
  <suite started-at="2024-07-19T13:33:21 JST" name="Suite" finished-at="2024-07-19T13:34:38 JST" duration-ms="77147">
    <groups>
    </groups>
    <test started-at="2024-07-19T13:33:21 JST" name="Test" finished-at="2024-07-19T13:34:38 JST" duration-ms="77147">
      <class name="com.automation.testcases.TC_CategoryPageTest">
        <test-method is-config="true" signature="setup()[pri:0, instance:com.automation.testcases.TC_CategoryPageTest@5fb759d6]" started-at="2024-07-19T13:34:12 JST" name="setup" finished-at="2024-07-19T13:34:17 JST" duration-ms="5104" status="PASS">
          <reporter-output>
          </reporter-output>
        </test-method> <!-- setup -->
        <test-method signature="verifyviewcategoryproduct()[pri:0, instance:com.automation.testcases.TC_CategoryPageTest@5fb759d6]" started-at="2024-07-19T13:34:17 JST" name="verifyviewcategoryproduct" finished-at="2024-07-19T13:34:18 JST" duration-ms="1802" status="PASS">
          <reporter-output>
          </reporter-output>
        </test-method> <!-- verifyviewcategoryproduct -->
        <test-method is-config="true" signature="tearDown()[pri:0, instance:com.automation.testcases.TC_CategoryPageTest@5fb759d6]" started-at="2024-07-19T13:34:18 JST" name="tearDown" finished-at="2024-07-19T13:34:19 JST" duration-ms="203" status="PASS">
          <reporter-output>
          </reporter-output>
        </test-method> <!-- tearDown -->
      </class> <!-- com.automation.testcases.TC_CategoryPageTest -->
      <class name="com.automation.testcases.TC_BrandPageTest">
        <test-method is-config="true" signature="setup()[pri:0, instance:com.automation.testcases.TC_BrandPageTest@57bc27f5]" started-at="2024-07-19T13:34:05 JST" name="setup" finished-at="2024-07-19T13:34:08 JST" duration-ms="3505" status="PASS">
          <reporter-output>
          </reporter-output>
        </test-method> <!-- setup -->
        <test-method signature="VerifyViewbrandProduct()[pri:0, instance:com.automation.testcases.TC_BrandPageTest@57bc27f5]" started-at="2024-07-19T13:34:08 JST" name="VerifyViewbrandProduct" finished-at="2024-07-19T13:34:11 JST" duration-ms="3112" status="PASS">
          <reporter-output>
          </reporter-output>
        </test-method> <!-- VerifyViewbrandProduct -->
        <test-method is-config="true" signature="tearDown()[pri:0, instance:com.automation.testcases.TC_BrandPageTest@57bc27f5]" started-at="2024-07-19T13:34:11 JST" name="tearDown" finished-at="2024-07-19T13:34:12 JST" duration-ms="211" status="PASS">
          <reporter-output>
          </reporter-output>
        </test-method> <!-- tearDown -->
      </class> <!-- com.automation.testcases.TC_BrandPageTest -->
      <class name="com.automation.testcases.TC_LoginPageTest">
        <test-method is-config="true" signature="setup()[pri:0, instance:com.automation.testcases.TC_LoginPageTest@72c8e7b]" started-at="2024-07-19T13:33:21 JST" name="setup" finished-at="2024-07-19T13:33:26 JST" duration-ms="4667" status="PASS">
          <reporter-output>
          </reporter-output>
        </test-method> <!-- setup -->
        <test-method signature="verifyRegistration()[pri:1, instance:com.automation.testcases.TC_LoginPageTest@72c8e7b]" started-at="2024-07-19T13:33:26 JST" name="verifyRegistration" finished-at="2024-07-19T13:33:40 JST" duration-ms="14580" status="PASS">
          <reporter-output>
          </reporter-output>
        </test-method> <!-- verifyRegistration -->
        <test-method signature="VerifyValidlogin()[pri:2, instance:com.automation.testcases.TC_LoginPageTest@72c8e7b]" started-at="2024-07-19T13:33:40 JST" name="VerifyValidlogin" finished-at="2024-07-19T13:33:46 JST" duration-ms="5841" status="PASS">
          <reporter-output>
          </reporter-output>
        </test-method> <!-- VerifyValidlogin -->
        <test-method signature="VerifyInValidlogin()[pri:3, instance:com.automation.testcases.TC_LoginPageTest@72c8e7b]" started-at="2024-07-19T13:33:46 JST" name="VerifyInValidlogin" finished-at="2024-07-19T13:33:50 JST" duration-ms="3821" status="PASS">
          <reporter-output>
          </reporter-output>
        </test-method> <!-- VerifyInValidlogin -->
        <test-method signature="VerifyLogout()[pri:4, instance:com.automation.testcases.TC_LoginPageTest@72c8e7b]" started-at="2024-07-19T13:33:50 JST" name="VerifyLogout" finished-at="2024-07-19T13:33:56 JST" duration-ms="5536" status="PASS">
          <reporter-output>
          </reporter-output>
        </test-method> <!-- VerifyLogout -->
        <test-method signature="VerifyRegisterUserwithExistingEmail()[pri:5, instance:com.automation.testcases.TC_LoginPageTest@72c8e7b]" started-at="2024-07-19T13:33:56 JST" name="VerifyRegisterUserwithExistingEmail" finished-at="2024-07-19T13:33:59 JST" duration-ms="3532" status="PASS">
          <reporter-output>
          </reporter-output>
        </test-method> <!-- VerifyRegisterUserwithExistingEmail -->
        <test-method is-config="true" signature="tearDown()[pri:0, instance:com.automation.testcases.TC_LoginPageTest@72c8e7b]" started-at="2024-07-19T13:33:59 JST" name="tearDown" finished-at="2024-07-19T13:33:59 JST" duration-ms="330" status="PASS">
          <reporter-output>
          </reporter-output>
        </test-method> <!-- tearDown -->
      </class> <!-- com.automation.testcases.TC_LoginPageTest -->
      <class name="com.automation.testcases.TC_ProductPageTest">
        <test-method is-config="true" signature="setup()[pri:0, instance:com.automation.testcases.TC_ProductPageTest@5e7cd6cc]" started-at="2024-07-19T13:34:26 JST" name="setup" finished-at="2024-07-19T13:34:31 JST" duration-ms="4610" status="PASS">
          <reporter-output>
          </reporter-output>
        </test-method> <!-- setup -->
        <test-method signature="verifyallproductsandproductdetails()[pri:0, instance:com.automation.testcases.TC_ProductPageTest@5e7cd6cc]" started-at="2024-07-19T13:34:31 JST" name="verifyallproductsandproductdetails" finished-at="2024-07-19T13:34:35 JST" duration-ms="3764" status="PASS">
          <reporter-output>
          </reporter-output>
        </test-method> <!-- verifyallproductsandproductdetails -->
        <test-method signature="verifysearchproducts()[pri:0, instance:com.automation.testcases.TC_ProductPageTest@5e7cd6cc]" started-at="2024-07-19T13:34:35 JST" name="verifysearchproducts" finished-at="2024-07-19T13:34:38 JST" duration-ms="3351" status="PASS">
          <reporter-output>
          </reporter-output>
        </test-method> <!-- verifysearchproducts -->
        <test-method is-config="true" signature="tearDown()[pri:0, instance:com.automation.testcases.TC_ProductPageTest@5e7cd6cc]" started-at="2024-07-19T13:34:38 JST" name="tearDown" finished-at="2024-07-19T13:34:38 JST" duration-ms="235" status="PASS">
          <reporter-output>
          </reporter-output>
        </test-method> <!-- tearDown -->
      </class> <!-- com.automation.testcases.TC_ProductPageTest -->
      <class name="com.automation.testcases.TC_ContactUsPageTest">
        <test-method is-config="true" signature="setup()[pri:0, instance:com.automation.testcases.TC_ContactUsPageTest@4b8d604b]" started-at="2024-07-19T13:34:19 JST" name="setup" finished-at="2024-07-19T13:34:23 JST" duration-ms="4188" status="PASS">
          <reporter-output>
          </reporter-output>
        </test-method> <!-- setup -->
        <test-method signature="VerifyContactUsPage()[pri:0, instance:com.automation.testcases.TC_ContactUsPageTest@4b8d604b]" started-at="2024-07-19T13:34:23 JST" name="VerifyContactUsPage" finished-at="2024-07-19T13:34:26 JST" duration-ms="3194" status="PASS">
          <reporter-output>
          </reporter-output>
        </test-method> <!-- VerifyContactUsPage -->
        <test-method is-config="true" signature="tearDown()[pri:0, instance:com.automation.testcases.TC_ContactUsPageTest@4b8d604b]" started-at="2024-07-19T13:34:26 JST" name="tearDown" finished-at="2024-07-19T13:34:26 JST" duration-ms="175" status="PASS">
          <reporter-output>
          </reporter-output>
        </test-method> <!-- tearDown -->
      </class> <!-- com.automation.testcases.TC_ContactUsPageTest -->
      <class name="com.automation.testcases.TC_HomePageTest">
        <test-method is-config="true" signature="setup()[pri:0, instance:com.automation.testcases.TC_HomePageTest@5c7933ad]" started-at="2024-07-19T13:33:59 JST" name="setup" finished-at="2024-07-19T13:34:04 JST" duration-ms="4693" status="PASS">
          <reporter-output>
          </reporter-output>
        </test-method> <!-- setup -->
        <test-method signature="VerifySubscriptioninhomepage()[pri:0, instance:com.automation.testcases.TC_HomePageTest@5c7933ad]" started-at="2024-07-19T13:34:04 JST" name="VerifySubscriptioninhomepage" finished-at="2024-07-19T13:34:04 JST" duration-ms="395" status="PASS">
          <reporter-output>
          </reporter-output>
        </test-method> <!-- VerifySubscriptioninhomepage -->
        <test-method is-config="true" signature="tearDown()[pri:0, instance:com.automation.testcases.TC_HomePageTest@5c7933ad]" started-at="2024-07-19T13:34:04 JST" name="tearDown" finished-at="2024-07-19T13:34:05 JST" duration-ms="219" status="PASS">
          <reporter-output>
          </reporter-output>
        </test-method> <!-- tearDown -->
      </class> <!-- com.automation.testcases.TC_HomePageTest -->
    </test> <!-- Test -->
  </suite> <!-- Suite -->
</testng-results>
